{
  "stats": {
    "suites": 1,
    "tests": 3,
    "passes": 1,
    "pending": 0,
    "failures": 2,
    "start": "2019-11-21T16:25:26.950Z",
    "end": "2019-11-21T16:25:46.794Z",
    "duration": 19844,
    "testsRegistered": 3,
    "passPercent": 33.33333333333333,
    "pendingPercent": 0,
    "other": 0,
    "hasOther": false,
    "skipped": 0,
    "hasSkipped": false
  },
  "results": [
    {
      "uuid": "5e46f91d-59c2-4f55-a0d6-183f34b5e169",
      "title": "",
      "fullFile": "",
      "file": "",
      "beforeHooks": [],
      "afterHooks": [],
      "tests": [],
      "suites": [
        {
          "uuid": "ff483f1b-ca46-4c7d-807a-566ca84e35d6",
          "title": "Dollibar login",
          "fullFile": "",
          "file": "",
          "beforeHooks": [],
          "afterHooks": [],
          "tests": [
            {
              "title": "Visits Dollinnar and succesfull login",
              "fullTitle": "Dollibar login Visits Dollinnar and succesfull login",
              "timedOut": null,
              "duration": 6688,
              "state": "passed",
              "speed": "slow",
              "pass": true,
              "fail": false,
              "pending": false,
              "context": null,
              "code": "cy.visit('http://127.0.0.1/dolibarr');\ncy.get('.login_table').find('input[name=\"username\"]').click().type(\"admin\");\ncy.get('.login_table').find('input[name=\"password\"]').click().type(\"Temporal01\");\ncy.get('.login_table').find('input[type=\"submit\"]').click();\ncy.wait(1000);\ncy.screenshot('./reports/vrt/after1');\ncy.url().should('include', '/index.php?mainmenu=home'); //cy.get('.dropdown-toggle.login-dropdown-a').contains('admin')",
              "err": {},
              "uuid": "3c0df2dc-d7b2-4ec1-ae45-fccf462454be",
              "parentUUID": "ff483f1b-ca46-4c7d-807a-566ca84e35d6",
              "isHook": false,
              "skipped": false
            },
            {
              "title": "Create a Third-party succesfull",
              "fullTitle": "Dollibar login Create a Third-party succesfull",
              "timedOut": null,
              "duration": 3188,
              "state": "failed",
              "speed": null,
              "pass": false,
              "fail": true,
              "pending": false,
              "context": null,
              "code": "cy.visit('http://localhost/dolibarr');\ncy.get('.login_table').find('input[name=\"username\"]').click().type(\"admin\");\ncy.get('.login_table').find('input[name=\"password\"]').click().type(\"Temporal01\");\ncy.get('.login_table').find('input[type=\"submit\"]').click();\ncy.wait(1000);\ncy.get('.tmenu > #mainmenutd_companies > .tmenucenter > #mainmenua_companies > .mainmenuaspan').click();\ncy.visit('http://localhost/societe/index.php?mainmenu=companies&leftmenu=');\ncy.get('#id-left > .vmenu > .blockvmenupair > .menu_contenu:nth-child(3) > .vsmenu').click();\ncy.wait(1000);\ncy.visit('http://localhost/societe/card.php?action=create&leftmenu='); // cy.contains('Third parties').click()\n// cy.contains('New Third Party').click()\n// cy.wait(1000); \ncy.screenshot('./reports/vrt/after2');\ncy.get('.tabBar.tabBarWithBottom').find('input[name=\"name\"]').click().type(\"Nelson Hurtado\");\ncy.get('.tabBar.tabBarWithBottom').find('input[name=\"name_alias\"]').click().type(\"Comerciante\");\ncy.get('.tabBar.tabBarWithBottom').find('select[name=\"client\"]').select('Customer');\ncy.get('.tabBar.tabBarWithBottom').find('textarea[name=\"address\"]').click().type(\"Calle 7 No. 6c-54\");\ncy.get('.tabBar.tabBarWithBottom').find('input[name=\"zipcode\"]').click().type(\"057\");\ncy.get('.tabBar.tabBarWithBottom').find('input[name=\"town\"]').click().type(\"Bogota\"); //cy.get('.tabBar.tabBarWithBottom').find('select[name=\"state_id\"]').select('1117')\n//cy.get('.tabBar.tabBarWithBottom').find('#select2-state_id-container').click().contains('BOG').click\ncy.get('.tabBar.tabBarWithBottom').find('input[name=\"email\"]').click().type(\"nhurtado@gmail.com\");\ncy.get('.tabBar.tabBarWithBottom').find('input[name=\"phone\"]').click().type(\"3115712263\");\ncy.get('div.center').find('input[type=\"submit\"]').click();\ncy.get('.inline-block.floatleft.valignmiddle.refid.refidpadding').contains('Nelson Hurtado');",
              "err": {
                "message": "CypressError: cy.visit() failed trying to load:\n\nhttp://localhost/societe/index.php?mainmenu=companies&leftmenu=\n\nThe response we received from your web server was:\n\n  > 404: Not Found\n\nThis was considered a failure because the status code was not '2xx'.\n\nIf you do not want status codes to cause failures pass the option: 'failOnStatusCode: false'",
                "estack": "CypressError: cy.visit() failed trying to load:\n\nhttp://localhost/societe/index.php?mainmenu=companies&leftmenu=\n\nThe response we received from your web server was:\n\n  > 404: Not Found\n\nThis was considered a failure because the status code was not '2xx'.\n\nIf you do not want status codes to cause failures pass the option: 'failOnStatusCode: false'\n    at Object.cypressErr (http://localhost/__cypress/runner/cypress_runner.js:104968:11)\n    at Object.throwErr (http://localhost/__cypress/runner/cypress_runner.js:104923:18)\n    at Object.throwErrByPath (http://localhost/__cypress/runner/cypress_runner.js:104955:17)\n    at http://localhost/__cypress/runner/cypress_runner.js:91070:31\n    at visitFailedByErr (http://localhost/__cypress/runner/cypress_runner.js:90583:12)\n    at http://localhost/__cypress/runner/cypress_runner.js:91051:22\n    at tryCatcher (http://localhost/__cypress/runner/cypress_runner.js:139045:23)\n    at Promise._settlePromiseFromHandler (http://localhost/__cypress/runner/cypress_runner.js:136981:31)\n    at Promise._settlePromise (http://localhost/__cypress/runner/cypress_runner.js:137038:18)\n    at Promise._settlePromise0 (http://localhost/__cypress/runner/cypress_runner.js:137083:10)\n    at Promise._settlePromises (http://localhost/__cypress/runner/cypress_runner.js:137158:18)\n    at Async../node_modules/bluebird/js/release/async.js.Async._drainQueue (http://localhost/__cypress/runner/cypress_runner.js:133770:16)\n    at Async../node_modules/bluebird/js/release/async.js.Async._drainQueues (http://localhost/__cypress/runner/cypress_runner.js:133780:10)\n    at Async.drainQueues (http://localhost/__cypress/runner/cypress_runner.js:133654:14)",
                "diff": null
              },
              "uuid": "9e91cba1-dbef-4704-9f03-37c7d5de6471",
              "parentUUID": "ff483f1b-ca46-4c7d-807a-566ca84e35d6",
              "isHook": false,
              "skipped": false
            },
            {
              "title": "Fill a ticket succesfull",
              "fullTitle": "Dollibar login Fill a ticket succesfull",
              "timedOut": null,
              "duration": 5442,
              "state": "failed",
              "speed": null,
              "pass": false,
              "fail": true,
              "pending": false,
              "context": null,
              "code": "cy.visit('http://127.0.0.1/dolibarr');\ncy.get('.login_table').find('input[name=\"username\"]').click().type(\"admin\");\ncy.get('.login_table').find('input[name=\"password\"]').click().type(\"Temporal01\");\ncy.get('.login_table').find('input[type=\"submit\"]').click();\ncy.contains('Billing').click();\ncy.contains('New invoice').click(); //cy.get('.select2-selection.select2-selection--single.flat.minwidth300').find('.select2-selection__arrow').click().contains('Nels').click()\ncy.get('.select2-selection.select2-selection--single.flat.minwidth300').click();\ncy.screenshot('./reports/vrt/after3');\ncy.get('.select2-search.select2-search--dropdown').find('input[type=\"search\"]').type('{downarrow}{downarrow}{enter}', {\n  force: true\n});\ncy.get('.tabBar.tabBarWithBottom').find('button[name=\"_useless\"]').click();\ncy.get('.tabBar.tabBarWithBottom').find('select[name=\"mode_reglement_id\"]').select('Cash');\ncy.get('.tabBar.tabBarWithBottom').find('textarea[name=\"note_public\"]').click().type(\"Pago de productos comprados\");\ncy.get('div.center').find('input[type=\"submit\"]').click();\ncy.get('.arearef.heightref.valignmiddle.centpercent').contains('Nelson Hurtado');\ncy.get('.tabBar').find('select[name=\"type\"]').select('Product');\ncy.get('.tabBar').find('textarea[name=\"dp_desc\"]').click().type(\"Resma de papel\");\ncy.get('.tabBar').find('input[name=\"price_ht\"]').click().type(\"12000\");\ncy.get('.tabBar').find('input[name=\"qty\"]').click().type(\"10\");\ncy.get('.tabBar').find('input[name=\"addline\"]').click();\ncy.get('.tabBar').contains('1,320,000.00');",
              "err": {
                "message": "CypressError: Timed out retrying: Expected to find content: 'Billing' but never did.",
                "estack": "CypressError: Timed out retrying: Expected to find content: 'Billing' but never did.\n    at Object.cypressErr (http://127.0.0.1/__cypress/runner/cypress_runner.js:104968:11)\n    at Object.throwErr (http://127.0.0.1/__cypress/runner/cypress_runner.js:104923:18)\n    at Object.throwErrByPath (http://127.0.0.1/__cypress/runner/cypress_runner.js:104955:17)\n    at retry (http://127.0.0.1/__cypress/runner/cypress_runner.js:96290:16)\n    at onFailFn (http://127.0.0.1/__cypress/runner/cypress_runner.js:85359:16)\n    at tryCatcher (http://127.0.0.1/__cypress/runner/cypress_runner.js:139045:23)\n    at Promise._settlePromiseFromHandler (http://127.0.0.1/__cypress/runner/cypress_runner.js:136981:31)\n    at Promise._settlePromise (http://127.0.0.1/__cypress/runner/cypress_runner.js:137038:18)\n    at Promise._settlePromise0 (http://127.0.0.1/__cypress/runner/cypress_runner.js:137083:10)\n    at Promise._settlePromises (http://127.0.0.1/__cypress/runner/cypress_runner.js:137158:18)\n    at Async../node_modules/bluebird/js/release/async.js.Async._drainQueue (http://127.0.0.1/__cypress/runner/cypress_runner.js:133770:16)\n    at Async../node_modules/bluebird/js/release/async.js.Async._drainQueues (http://127.0.0.1/__cypress/runner/cypress_runner.js:133780:10)\n    at Async.drainQueues (http://127.0.0.1/__cypress/runner/cypress_runner.js:133654:14)",
                "diff": null
              },
              "uuid": "4ad2a893-8426-4d35-bb32-b7f6e392abff",
              "parentUUID": "ff483f1b-ca46-4c7d-807a-566ca84e35d6",
              "isHook": false,
              "skipped": false
            }
          ],
          "suites": [],
          "passes": [
            "3c0df2dc-d7b2-4ec1-ae45-fccf462454be"
          ],
          "failures": [
            "9e91cba1-dbef-4704-9f03-37c7d5de6471",
            "4ad2a893-8426-4d35-bb32-b7f6e392abff"
          ],
          "pending": [],
          "skipped": [],
          "duration": 15318,
          "root": false,
          "rootEmpty": false,
          "_timeout": 2000
        }
      ],
      "passes": [],
      "failures": [],
      "pending": [],
      "skipped": [],
      "duration": 0,
      "root": true,
      "rootEmpty": true,
      "_timeout": 2000
    }
  ],
  "meta": {
    "mocha": {
      "version": "5.2.0"
    },
    "mochawesome": {
      "options": {
        "quiet": false,
        "reportFilename": "mochawesome",
        "saveHtml": false,
        "saveJson": true,
        "consoleReporter": "spec",
        "useInlineDiffs": false
      },
      "version": "4.1.0"
    },
    "marge": {
      "options": {
        "reportDir": "cypress/reports",
        "overwrite": false,
        "html": false,
        "json": true,
        "timestamp": "mmddyyyy_HHMMss"
      },
      "version": "4.0.1"
    }
  }
}