{
  "stats": {
    "suites": 1,
    "tests": 1,
    "passes": 0,
    "pending": 0,
    "failures": 1,
    "start": "2019-11-21T02:04:41.604Z",
    "end": "2019-11-21T02:04:49.588Z",
    "duration": 7984,
    "testsRegistered": 1,
    "passPercent": 0,
    "pendingPercent": 0,
    "other": 0,
    "hasOther": false,
    "skipped": 0,
    "hasSkipped": false
  },
  "results": [
    {
      "uuid": "1a4fd667-c7f3-42b6-a2be-936163a2e706",
      "title": "",
      "fullFile": "",
      "file": "",
      "beforeHooks": [],
      "afterHooks": [],
      "tests": [],
      "suites": [
        {
          "uuid": "5182bfe0-8d4a-4090-8200-2ee4848de3ff",
          "title": "Dollibar login",
          "fullFile": "",
          "file": "",
          "beforeHooks": [],
          "afterHooks": [],
          "tests": [
            {
              "title": "Visits Dollinnar and succesfull login",
              "fullTitle": "Dollibar login Visits Dollinnar and succesfull login",
              "timedOut": null,
              "duration": 6602,
              "state": "failed",
              "speed": null,
              "pass": false,
              "fail": true,
              "pending": false,
              "context": "\"assets/5dd4928ee3632a1f22ce330f.spec.js/Dollibar login -- Visits Dollinnar and succesfull login (failed).png\"",
              "code": "cy.visit('http://127.0.0.1/');\ncy.get('.login_table').find('input[name=\"username\"]').click().type(\"admin\");\ncy.get('.login_table').find('input[name=\"password\"]').click().type(\"admin\");\ncy.get('.login_table').find('input[type=\"submit\"]').click();\ncy.get('.dropdown-toggle.login-dropdown-a').contains('admin');",
              "err": {
                "message": "CypressError: Timed out retrying: Expected to find element: '.dropdown-toggle.login-dropdown-a', but never found it.",
                "estack": "CypressError: Timed out retrying: Expected to find element: '.dropdown-toggle.login-dropdown-a', but never found it.\n    at Object.cypressErr (http://127.0.0.1/__cypress/runner/cypress_runner.js:85348:11)\n    at Object.throwErr (http://127.0.0.1/__cypress/runner/cypress_runner.js:85303:18)\n    at Object.throwErrByPath (http://127.0.0.1/__cypress/runner/cypress_runner.js:85335:17)\n    at retry (http://127.0.0.1/__cypress/runner/cypress_runner.js:77321:16)\n    at onFailFn (http://127.0.0.1/__cypress/runner/cypress_runner.js:68422:16)\n    at tryCatcher (http://127.0.0.1/__cypress/runner/cypress_runner.js:118962:23)\n    at Promise._settlePromiseFromHandler (http://127.0.0.1/__cypress/runner/cypress_runner.js:116898:31)\n    at Promise._settlePromise (http://127.0.0.1/__cypress/runner/cypress_runner.js:116955:18)\n    at Promise._settlePromise0 (http://127.0.0.1/__cypress/runner/cypress_runner.js:117000:10)\n    at Promise._settlePromises (http://127.0.0.1/__cypress/runner/cypress_runner.js:117075:18)\n    at Async../node_modules/bluebird/js/release/async.js.Async._drainQueue (http://127.0.0.1/__cypress/runner/cypress_runner.js:113687:16)\n    at Async../node_modules/bluebird/js/release/async.js.Async._drainQueues (http://127.0.0.1/__cypress/runner/cypress_runner.js:113697:10)\n    at Async.drainQueues (http://127.0.0.1/__cypress/runner/cypress_runner.js:113571:14)\n    at <anonymous>",
                "diff": null
              },
              "uuid": "30e9556a-8730-4995-b324-9ff5a89ee62d",
              "parentUUID": "5182bfe0-8d4a-4090-8200-2ee4848de3ff",
              "isHook": false,
              "skipped": false
            }
          ],
          "suites": [],
          "passes": [],
          "failures": [
            "30e9556a-8730-4995-b324-9ff5a89ee62d"
          ],
          "pending": [],
          "skipped": [],
          "duration": 6602,
          "root": false,
          "rootEmpty": false,
          "_timeout": 2000
        }
      ],
      "passes": [],
      "failures": [],
      "pending": [],
      "skipped": [],
      "duration": 0,
      "root": true,
      "rootEmpty": true,
      "_timeout": 2000
    }
  ],
  "meta": {
    "mocha": {
      "version": "5.2.0"
    },
    "mochawesome": {
      "options": {
        "quiet": false,
        "reportFilename": "mochawesome",
        "saveHtml": false,
        "saveJson": true,
        "consoleReporter": "spec",
        "useInlineDiffs": false
      },
      "version": "4.1.0"
    },
    "marge": {
      "options": {
        "reportDir": "cypress/reports",
        "overwrite": false,
        "html": false,
        "json": true,
        "timestamp": "mmddyyyy_HHMMss"
      },
      "version": "4.0.1"
    }
  }
}