{
  "stats": {
    "suites": 1,
    "tests": 3,
    "passes": 3,
    "pending": 0,
    "failures": 0,
    "start": "2019-10-15T03:50:01.743Z",
    "end": "2019-10-15T03:50:06.582Z",
    "duration": 4839,
    "testsRegistered": 3,
    "passPercent": 100,
    "pendingPercent": 0,
    "other": 0,
    "hasOther": false,
    "skipped": 0,
    "hasSkipped": false
  },
  "results": [
    {
      "uuid": "a010780b-4dc8-4922-9bc9-470ca80fdcf8",
      "title": "",
      "fullFile": "",
      "file": "",
      "beforeHooks": [],
      "afterHooks": [],
      "tests": [],
      "suites": [
        {
          "uuid": "882b3b16-23b7-40df-a34f-aaa2a1c23429",
          "title": "Window",
          "fullFile": "",
          "file": "",
          "beforeHooks": [],
          "afterHooks": [],
          "tests": [
            {
              "title": "cy.window() - get the global window object",
              "fullTitle": "Window cy.window() - get the global window object",
              "timedOut": null,
              "duration": 2471,
              "state": "passed",
              "speed": "slow",
              "pass": true,
              "fail": false,
              "pending": false,
              "context": null,
              "code": "// https://on.cypress.io/window     \ncy.window().should('have.property', 'top');",
              "err": {},
              "uuid": "50eedac8-c8ef-4807-931e-c4c21c79fc4b",
              "parentUUID": "882b3b16-23b7-40df-a34f-aaa2a1c23429",
              "isHook": false,
              "skipped": false
            },
            {
              "title": "cy.document() - get the document object",
              "fullTitle": "Window cy.document() - get the document object",
              "timedOut": null,
              "duration": 250,
              "state": "passed",
              "speed": "slow",
              "pass": true,
              "fail": false,
              "pending": false,
              "context": null,
              "code": "// https://on.cypress.io/document     \ncy.document().should('have.property', 'charset').and('eq', 'UTF-8');",
              "err": {},
              "uuid": "e5390af8-1c31-4342-8213-51bd4c7702f2",
              "parentUUID": "882b3b16-23b7-40df-a34f-aaa2a1c23429",
              "isHook": false,
              "skipped": false
            },
            {
              "title": "cy.title() - get the title",
              "fullTitle": "Window cy.title() - get the title",
              "timedOut": null,
              "duration": 256,
              "state": "passed",
              "speed": "slow",
              "pass": true,
              "fail": false,
              "pending": false,
              "context": null,
              "code": "// https://on.cypress.io/title     \ncy.title().should('include', 'Kitchen Sink');",
              "err": {},
              "uuid": "52cf52f9-29d7-4a6d-b7fc-6a25676adaa8",
              "parentUUID": "882b3b16-23b7-40df-a34f-aaa2a1c23429",
              "isHook": false,
              "skipped": false
            }
          ],
          "suites": [],
          "passes": [
            "50eedac8-c8ef-4807-931e-c4c21c79fc4b",
            "e5390af8-1c31-4342-8213-51bd4c7702f2",
            "52cf52f9-29d7-4a6d-b7fc-6a25676adaa8"
          ],
          "failures": [],
          "pending": [],
          "skipped": [],
          "duration": 2977,
          "root": false,
          "rootEmpty": false,
          "_timeout": 2000
        }
      ],
      "passes": [],
      "failures": [],
      "pending": [],
      "skipped": [],
      "duration": 0,
      "root": true,
      "rootEmpty": true,
      "_timeout": 2000
    }
  ],
  "meta": {
    "mocha": {
      "version": "5.2.0"
    },
    "mochawesome": {
      "options": {
        "quiet": false,
        "reportFilename": "mochawesome",
        "saveHtml": false,
        "saveJson": true,
        "consoleReporter": "spec",
        "useInlineDiffs": false
      },
      "version": "4.1.0"
    },
    "marge": {
      "options": {
        "reportDir": "cypress/reports",
        "overwrite": false,
        "html": false,
        "json": true,
        "timestamp": "mmddyyyy_HHMMss"
      },
      "version": "4.0.1"
    }
  }
}